{"C:\\Frontend\\task_10\\src\\js\\validForm.js": {"path":"C:\\Frontend\\task_10\\src\\js\\validForm.js","statementMap":{"0":{"start":{"line":2,"column":19},"end":{"line":2,"column":74}},"1":{"start":{"line":3,"column":24},"end":{"line":3,"column":41}},"2":{"start":{"line":4,"column":4},"end":{"line":4,"column":35}},"3":{"start":{"line":4,"column":22},"end":{"line":4,"column":35}},"4":{"start":{"line":5,"column":19},"end":{"line":5,"column":49}},"5":{"start":{"line":6,"column":16},"end":{"line":6,"column":33}},"6":{"start":{"line":7,"column":4},"end":{"line":7,"column":59}}},"fnMap":{"0":{"name":"validForm","decl":{"start":{"line":1,"column":24},"end":{"line":1,"column":33}},"loc":{"start":{"line":1,"column":40},"end":{"line":8,"column":1}},"line":1}},"branchMap":{"0":{"loc":{"start":{"line":4,"column":4},"end":{"line":4,"column":35}},"type":"if","locations":[{"start":{"line":4,"column":4},"end":{"line":4,"column":35}},{"start":{"line":4,"column":4},"end":{"line":4,"column":35}}],"line":4}},"s":{"0":4,"1":4,"2":4,"3":1,"4":3,"5":3,"6":3},"f":{"0":4},"b":{"0":[1,3]},"_coverageSchema":"1a1c01bbd47fc00a2c39e90264f33305004495a9","hash":"f2f60702095b0b9968718c874ba76fbc72824341"}
}
